<?xml version="1.0" encoding="UTF-8"?>
<!-- Generated by org.testng.reporters.JUnitReportReporter -->
<testsuite skipped="0" hostname="Sakeths-MBP.austin.rr.com" name="siriSeconMaven.WidgetsTestngTest" tests="1" failures="0" timestamp="2020-10-22T20:35:48 CDT" time="11.946" errors="0">
  <testcase name="widgetsExmaple" time="11.946" classname="siriSeconMaven.WidgetsTestngTest"/>
</testsuite> <!-- siriSeconMaven.WidgetsTestngTest -->
