<?xml version="1.0" encoding="UTF-8"?>
<!-- Generated by org.testng.reporters.JUnitReportReporter -->
<testsuite skipped="0" hostname="Sakeths-MBP.austin.rr.com" name="siriSeconMaven.childwondowTest" tests="2" failures="0" timestamp="2020-11-03T13:44:02 CST" time="18.591" errors="0">
  <testcase name="stu1" time="9.814" classname="siriSeconMaven.childwondowTest"/>
  <testcase name="chwindow" time="8.777" classname="siriSeconMaven.childwondowTest"/>
</testsuite> <!-- siriSeconMaven.childwondowTest -->
