<?xml version="1.0" encoding="UTF-8"?>
<!-- Generated by org.testng.reporters.JUnitReportReporter -->
<testsuite skipped="0" hostname="Sakeths-MBP.austin.rr.com" name="siriSeconMaven.dataProviderExampleTest" tests="3" failures="0" timestamp="2020-10-22T20:35:48 CDT" time="0.004" errors="0">
  <testcase name="dpExp" time="0.002" classname="siriSeconMaven.dataProviderExampleTest"/>
  <testcase name="dpExp" time="0.001" classname="siriSeconMaven.dataProviderExampleTest"/>
  <testcase name="dpExp" time="0.001" classname="siriSeconMaven.dataProviderExampleTest"/>
</testsuite> <!-- siriSeconMaven.dataProviderExampleTest -->
