<?xml version="1.0" encoding="UTF-8"?>
<!-- Generated by org.testng.reporters.JUnitReportReporter -->
<testsuite skipped="0" hostname="Sakeths-MBP.austin.rr.com" name="siriSeconMaven.framesTest" tests="3" failures="0" timestamp="2020-10-22T20:35:48 CDT" time="18.647" errors="0">
  <testcase name="nestedframeExmaple" time="6.073" classname="siriSeconMaven.framesTest"/>
  <testcase name="modalDialogs" time="6.895" classname="siriSeconMaven.framesTest"/>
  <testcase name="frameExmaple" time="5.679" classname="siriSeconMaven.framesTest"/>
</testsuite> <!-- siriSeconMaven.framesTest -->
