<?xml version="1.0" encoding="UTF-8"?>
<!-- Generated by org.testng.reporters.JUnitReportReporter -->
<testsuite skipped="0" hostname="Sakeths-MBP.austin.rr.com" name="siriSeconMaven.SliderTest" tests="2" failures="0" timestamp="23 Oct 2020 19:56:07 GMT" time="13.754" errors="0">
  <testcase name="MouseHover2" time="6.868" classname="siriSeconMaven.SliderTest"/>
  <testcase name="sliderExample" time="6.886" classname="siriSeconMaven.SliderTest"/>
</testsuite> <!-- siriSeconMaven.SliderTest -->
