<?xml version="1.0" encoding="UTF-8"?>
<!-- Generated by org.testng.reporters.JUnitReportReporter -->
<testsuite skipped="0" hostname="Sakeths-MBP.austin.rr.com" name="siriSeconMaven.childwondowTest" tests="2" failures="0" timestamp="23 Oct 2020 19:56:07 GMT" time="19.094" errors="0">
  <testcase name="stu1" time="10.242" classname="siriSeconMaven.childwondowTest"/>
  <testcase name="chwindow" time="8.852" classname="siriSeconMaven.childwondowTest"/>
</testsuite> <!-- siriSeconMaven.childwondowTest -->
