<?xml version="1.0" encoding="UTF-8"?>
<!-- Generated by org.testng.reporters.JUnitReportReporter -->
<testsuite skipped="0" hostname="Sakeths-MBP.austin.rr.com" name="siriSeconMaven.dataProviderExampleTest" tests="3" failures="0" timestamp="23 Oct 2020 19:56:07 GMT" time="0.000" errors="0">
  <testcase name="dpExp" time="0.000" classname="siriSeconMaven.dataProviderExampleTest"/>
  <testcase name="dpExp" time="0.000" classname="siriSeconMaven.dataProviderExampleTest"/>
  <testcase name="dpExp" time="0.000" classname="siriSeconMaven.dataProviderExampleTest"/>
</testsuite> <!-- siriSeconMaven.dataProviderExampleTest -->
