<?xml version="1.0" encoding="UTF-8"?>
<!-- Generated by org.testng.reporters.JUnitReportReporter -->
<testsuite skipped="0" hostname="Sakeths-MBP.austin.rr.com" name="siriSeconMaven.WidgetsTestngTest" tests="1" failures="0" timestamp="23 Oct 2020 19:56:07 GMT" time="10.824" errors="0">
  <testcase name="widgetsExmaple" time="10.824" classname="siriSeconMaven.WidgetsTestngTest"/>
</testsuite> <!-- siriSeconMaven.WidgetsTestngTest -->
