<?xml version="1.0" encoding="UTF-8"?>
<!-- Generated by org.testng.reporters.JUnitReportReporter -->
<testsuite skipped="0" hostname="Sakeths-MBP.austin.rr.com" name="siriSeconMaven.framesTest" tests="3" failures="0" timestamp="23 Oct 2020 19:56:07 GMT" time="18.233" errors="0">
  <testcase name="frameExmaple" time="5.690" classname="siriSeconMaven.framesTest"/>
  <testcase name="nestedframeExmaple" time="6.057" classname="siriSeconMaven.framesTest"/>
  <testcase name="modalDialogs" time="6.486" classname="siriSeconMaven.framesTest"/>
</testsuite> <!-- siriSeconMaven.framesTest -->
